<?xml version="1.0" encoding="UTF-8"?><testsuite errors="0" failures="0" name="com.studentapp.studentinfo.StudentCRUDTestWithSteps" skipped="0" tests="4" time="0.53" timestamp="2023-03-02T17:41:39.669Z[Europe/London]"><testcase classname="com.studentapp.studentinfo.StudentCRUDTestWithSteps" name="This will create a new student"/><testcase classname="com.studentapp.studentinfo.StudentCRUDTestWithSteps" name="Verify if student is created"/><testcase classname="com.studentapp.studentinfo.StudentCRUDTestWithSteps" name="Update the user information"/><testcase classname="com.studentapp.studentinfo.StudentCRUDTestWithSteps" name="Delete student info by StudentID and verify its deleted"/></testsuite>